<?xml version="1.0" encoding="UTF-8"?>
<testng-results ignored="0" total="1" passed="1" failed="0" skipped="0">
  <reporter-output>
  </reporter-output>
  <suite started-at="2025-05-28T09:08:09 IST" name="Suite" finished-at="2025-05-28T09:09:38 IST" duration-ms="89109">
    <groups>
    </groups>
    <test started-at="2025-05-28T09:08:09 IST" name="Test" finished-at="2025-05-28T09:09:38 IST" duration-ms="89109">
      <class name="test.TestPurchaseProducts">
        <test-method is-config="true" signature="setUp()[pri:0, instance:test.TestPurchaseProducts@33bc72d1]" started-at="2025-05-28T09:08:09 IST" name="setUp" finished-at="2025-05-28T09:08:20 IST" duration-ms="10572" status="PASS">
          <reporter-output>
          </reporter-output>
        </test-method> <!-- setUp -->
        <test-method signature="purchaseWomenProduct(java.lang.String,java.lang.String,java.lang.String,java.lang.String,java.lang.String)[pri:0, instance:test.TestPurchaseProducts@33bc72d1]" started-at="2025-05-28T09:08:21 IST" name="purchaseWomenProduct" data-provider="cardDetails" finished-at="2025-05-28T09:09:38 IST" duration-ms="76597" status="PASS">
          <params>
            <param index="0">
              <value>
                <![CDATA[Yamini Gupta]]>
              </value>
            </param>
            <param index="1">
              <value>
                <![CDATA[1001200230034004]]>
              </value>
            </param>
            <param index="2">
              <value>
                <![CDATA[545]]>
              </value>
            </param>
            <param index="3">
              <value>
                <![CDATA[10]]>
              </value>
            </param>
            <param index="4">
              <value>
                <![CDATA[2030]]>
              </value>
            </param>
          </params>
          <reporter-output>
          </reporter-output>
        </test-method> <!-- purchaseWomenProduct -->
        <test-method is-config="true" signature="tearDown()[pri:0, instance:test.TestPurchaseProducts@33bc72d1]" started-at="2025-05-28T09:09:38 IST" name="tearDown" finished-at="2025-05-28T09:09:38 IST" duration-ms="661" status="PASS">
          <reporter-output>
          </reporter-output>
        </test-method> <!-- tearDown -->
      </class> <!-- test.TestPurchaseProducts -->
    </test> <!-- Test -->
  </suite> <!-- Suite -->
</testng-results>
